[debug] [2017-11-13T02:02:56.425Z] ----------------------------------------------------------------------
[debug] [2017-11-13T02:02:56.441Z] Command:       D:\Programs\nodejs\node.exe C:\Users\profe\AppData\Roaming\npm\node_modules\firebase-tools\bin\firebase deploy --only functions
[debug] [2017-11-13T02:02:56.441Z] CLI Version:   3.15.0
[debug] [2017-11-13T02:02:56.441Z] Platform:      win32
[debug] [2017-11-13T02:02:56.441Z] Node Version:  v6.9.1
[debug] [2017-11-13T02:02:56.441Z] Time:          Mon Nov 13 2017 13:02:56 GMT+1100 (AUS Eastern Summer Time)
[debug] [2017-11-13T02:02:56.441Z] ----------------------------------------------------------------------
[debug] 
[debug] [2017-11-13T02:02:56.456Z] > command requires scopes: ["email","openid","https://www.googleapis.com/auth/cloudplatformprojects.readonly","https://www.googleapis.com/auth/firebase","https://www.googleapis.com/auth/cloud-platform"]
[debug] [2017-11-13T02:02:56.456Z] > authorizing via signed-in user
[debug] [2017-11-13T02:02:56.456Z] >>> HTTP REQUEST GET https://admin.firebase.com/v1/projects/sitedb-8fe75  
 Mon Nov 13 2017 13:02:56 GMT+1100 (AUS Eastern Summer Time)
[debug] [2017-11-13T02:02:58.034Z] <<< HTTP RESPONSE 200
[debug] [2017-11-13T02:02:58.037Z] >>> HTTP REQUEST GET https://admin.firebase.com/v1/database/sitedb-8fe75/tokens  
 Mon Nov 13 2017 13:02:58 GMT+1100 (AUS Eastern Summer Time)
[debug] [2017-11-13T02:02:59.001Z] <<< HTTP RESPONSE 200
[info] 
[info] === Deploying to 'sitedb-8fe75'...
[info] 
[info] i  deploying functions
[debug] [2017-11-13T02:03:01.137Z] > [functions] package.json contents: {
  "name": "functions",
  "description": "Cloud Functions for Firebase",
  "dependencies": {
    "firebase-admin": "~5.5.0",
    "firebase-functions": "^0.7.3"
  },
  "private": true
}
[info] i  functions: ensuring necessary APIs are enabled...
[info] i  runtimeconfig: ensuring necessary APIs are enabled...
[debug] [2017-11-13T02:03:01.169Z] >>> HTTP REQUEST GET https://servicemanagement.googleapis.com/v1/services/cloudfunctions.googleapis.com/projectSettings/sitedb-8fe75?view=CONSUMER_VIEW  
 Mon Nov 13 2017 13:03:01 GMT+1100 (AUS Eastern Summer Time)
[debug] [2017-11-13T02:03:01.171Z] >>> HTTP REQUEST GET https://servicemanagement.googleapis.com/v1/services/runtimeconfig.googleapis.com/projectSettings/sitedb-8fe75?view=CONSUMER_VIEW  
 Mon Nov 13 2017 13:03:01 GMT+1100 (AUS Eastern Summer Time)
[debug] [2017-11-13T02:03:02.553Z] <<< HTTP RESPONSE 200
[info] +  runtimeconfig: all necessary APIs are enabled
[debug] [2017-11-13T02:03:02.755Z] <<< HTTP RESPONSE 200
[info] +  functions: all necessary APIs are enabled
[debug] [2017-11-13T02:03:02.760Z] >>> HTTP REQUEST GET https://appengine.googleapis.com/v1/apps/sitedb-8fe75  
 Mon Nov 13 2017 13:03:02 GMT+1100 (AUS Eastern Summer Time)
[debug] [2017-11-13T02:03:02.762Z] >>> HTTP REQUEST GET https://apikeys.googleapis.com/v1/projects/sitedb-8fe75/apiKeys  
 Mon Nov 13 2017 13:03:02 GMT+1100 (AUS Eastern Summer Time)
[debug] [2017-11-13T02:03:04.085Z] <<< HTTP RESPONSE 200
[debug] [2017-11-13T02:03:04.138Z] <<< HTTP RESPONSE 200
[info] i  functions: preparing functions directory for uploading...
[debug] [2017-11-13T02:03:30.800Z] >>> HTTP REQUEST GET https://runtimeconfig.googleapis.com/v1beta1/projects/sitedb-8fe75/configs  
 Mon Nov 13 2017 13:03:30 GMT+1100 (AUS Eastern Summer Time)
[debug] [2017-11-13T02:03:31.486Z] <<< HTTP RESPONSE 200
